<?xml version="1.0" encoding="UTF-8"?>
<!-- Generated by org.testng.reporters.JUnitXMLReporter -->
<testsuite ignored="0" hostname="INBMWN153306" failures="1" tests="1" name="chromeTest" time="7.801" errors="0" timestamp="2024-05-25T19:21:13 IST">
  <testcase classname="testCases.TC_001_Verify_Accont_Registration" name="Verify_Accout_Registration" time="0.788">
    <failure type="java.lang.AssertionError" message="null">
      <![CDATA[java.lang.AssertionError: null
at testCases.TC_001_Verify_Accont_Registration.Verify_Accout_Registration(TC_001_Verify_Accont_Registration.java:101)
at java.base/java.util.ArrayList.forEach(ArrayList.java:1511)
at java.base/java.util.concurrent.FutureTask.run(FutureTask.java:317)
at java.base/java.util.concurrent.ThreadPoolExecutor.runWorker(ThreadPoolExecutor.java:1144)
at java.base/java.util.concurrent.ThreadPoolExecutor$Worker.run(ThreadPoolExecutor.java:642)
at java.base/java.lang.Thread.run(Thread.java:1589)
... Removed 17 stack frames]]>
    </failure>
  </testcase> <!-- Verify_Accout_Registration -->
</testsuite> <!-- chromeTest -->
